Astronomy 365 AR/Temp/gradleOut/launcher/build/intermediates/manifest_merge_blame_file/release/manifest-merger-blame-release-report.txt
1<?xml version="1.0" encoding="utf-8"?>
2<!-- GENERATED BY UNITY. REMOVE THIS COMMENT TO PREVENT OVERWRITING WHEN EXPORTING AGAIN -->
3<manifest xmlns:android="http://schemas.android.com/apk/res/android"
4    package="com.DefaultCompany.Astronomy365AR"
5    android:installLocation="preferExternal"
6    android:versionCode="1"
7    android:versionName="0.1" >
8
9    <uses-sdk
10        android:minSdkVersion="26"
10-->src\main\AndroidManifest.xml
11        android:targetSdkVersion="30" />
11-->src\main\AndroidManifest.xml
12
13    <supports-screens
13-->src\main\AndroidManifest.xml:4:3-163
14        android:anyDensity="true"
14-->src\main\AndroidManifest.xml:4:135-160
15        android:largeScreens="true"
15-->src\main\AndroidManifest.xml:4:78-105
16        android:normalScreens="true"
16-->src\main\AndroidManifest.xml:4:49-77
17        android:smallScreens="true"
17-->src\main\AndroidManifest.xml:4:21-48
18        android:xlargeScreens="true" />
18-->src\main\AndroidManifest.xml:4:106-134
19
20    <uses-feature android:glEsVersion="0x00030000" />
20-->[:unityLibrary] AndroidManifest.xml:13:5-54
20-->[:unityLibrary] AndroidManifest.xml:13:19-51
21    <uses-feature
21-->[:unityLibrary] AndroidManifest.xml:14:5-16:36
22        android:name="android.hardware.vulkan.version"
22-->[:unityLibrary] AndroidManifest.xml:15:9-55
23        android:required="false" />
23-->[:unityLibrary] AndroidManifest.xml:16:9-33
24
25    <uses-permission android:name="android.permission.CAMERA" />
25-->[:unityLibrary] AndroidManifest.xml:18:5-65
25-->[:unityLibrary] AndroidManifest.xml:18:22-62
26
27    <uses-feature
27-->[:unityLibrary] AndroidManifest.xml:20:5-22:36
28        android:name="android.hardware.camera"
28-->[:unityLibrary] AndroidManifest.xml:21:9-47
29        android:required="true" />
29-->[:unityLibrary] AndroidManifest.xml:22:9-33
30    <uses-feature
30-->[:unityLibrary] AndroidManifest.xml:23:5-25:36
31        android:name="android.hardware.camera.autofocus"
31-->[:unityLibrary] AndroidManifest.xml:24:9-57
32        android:required="false" />
32-->[:unityLibrary] AndroidManifest.xml:25:9-33
33    <uses-feature
33-->[:unityLibrary] AndroidManifest.xml:26:5-28:36
34        android:name="android.hardware.camera.front"
34-->[:unityLibrary] AndroidManifest.xml:27:9-53
35        android:required="false" />
35-->[:unityLibrary] AndroidManifest.xml:28:9-33
36    <uses-feature
36-->[:unityLibrary] AndroidManifest.xml:29:5-31:36
37        android:name="android.hardware.touchscreen"
37-->[:unityLibrary] AndroidManifest.xml:30:9-52
38        android:required="false" />
38-->[:unityLibrary] AndroidManifest.xml:31:9-33
39    <uses-feature
39-->[:unityLibrary] AndroidManifest.xml:32:5-34:36
40        android:name="android.hardware.touchscreen.multitouch"
40-->[:unityLibrary] AndroidManifest.xml:33:9-63
41        android:required="false" />
41-->[:unityLibrary] AndroidManifest.xml:34:9-33
42    <uses-feature
42-->[:unityLibrary] AndroidManifest.xml:35:5-37:36
43        android:name="android.hardware.touchscreen.multitouch.distinct"
43-->[:unityLibrary] AndroidManifest.xml:36:9-72
44        android:required="false" />
44-->[:unityLibrary] AndroidManifest.xml:37:9-33
45
46    <queries>
46-->[com.google.ar:core:1.22.0] AndroidManifest.xml:29:5-31:15
47        <package android:name="com.google.ar.core" />
47-->[com.google.ar:core:1.22.0] AndroidManifest.xml:30:9-54
47-->[com.google.ar:core:1.22.0] AndroidManifest.xml:30:18-51
48    </queries>
49
50    <uses-permission android:name="android.permission.INTERNET" />
50-->[:VuforiaEngine:] AndroidManifest.xml:9:5-67
50-->[:VuforiaEngine:] AndroidManifest.xml:9:22-64
51    <uses-permission android:name="android.permission.ACCESS_NETWORK_STATE" />
51-->[:VuforiaEngine:] AndroidManifest.xml:11:5-79
51-->[:VuforiaEngine:] AndroidManifest.xml:11:22-76
52
53    <application
53-->src\main\AndroidManifest.xml:5:3-116
54        android:extractNativeLibs="true"
54-->src\main\AndroidManifest.xml:5:16-48
55        android:icon="@mipmap/app_icon"
55-->src\main\AndroidManifest.xml:5:82-113
56        android:label="@string/app_name" >
56-->src\main\AndroidManifest.xml:5:49-81
57        <activity
57-->[:unityLibrary] AndroidManifest.xml:40:9-60:20
58            android:name="com.unity3d.player.UnityPlayerActivity"
58-->[:unityLibrary] AndroidManifest.xml:41:13-66
59            android:configChanges="mcc|mnc|locale|touchscreen|keyboard|keyboardHidden|navigation|orientation|screenLayout|uiMode|screenSize|smallestScreenSize|fontScale|layoutDirection|density"
59-->[:unityLibrary] AndroidManifest.xml:42:13-194
60            android:hardwareAccelerated="false"
60-->[:unityLibrary] AndroidManifest.xml:43:13-48
61            android:launchMode="singleTask"
61-->[:unityLibrary] AndroidManifest.xml:44:13-44
62            android:resizeableActivity="false"
62-->[:unityLibrary] AndroidManifest.xml:45:13-47
63            android:screenOrientation="fullSensor"
63-->[:unityLibrary] AndroidManifest.xml:46:13-51
64            android:theme="@style/UnityThemeSelector" >
64-->[:unityLibrary] AndroidManifest.xml:47:13-54
65            <intent-filter>
65-->[:unityLibrary] AndroidManifest.xml:48:13-52:29
66                <action android:name="android.intent.action.MAIN" />
66-->[:unityLibrary] AndroidManifest.xml:49:17-69
66-->[:unityLibrary] AndroidManifest.xml:49:25-66
67
68                <category android:name="android.intent.category.LAUNCHER" />
68-->[:unityLibrary] AndroidManifest.xml:51:17-77
68-->[:unityLibrary] AndroidManifest.xml:51:27-74
69            </intent-filter>
70
71            <meta-data
71-->[:unityLibrary] AndroidManifest.xml:54:13-56:40
72                android:name="unityplayer.UnityActivity"
72-->[:unityLibrary] AndroidManifest.xml:55:17-57
73                android:value="true" />
73-->[:unityLibrary] AndroidManifest.xml:56:17-37
74            <meta-data
74-->[:unityLibrary] AndroidManifest.xml:57:13-59:40
75                android:name="android.notch_support"
75-->[:unityLibrary] AndroidManifest.xml:58:17-53
76                android:value="true" />
76-->[:unityLibrary] AndroidManifest.xml:59:17-37
77        </activity>
78
79        <meta-data
79-->[:unityLibrary] AndroidManifest.xml:62:9-64:33
80            android:name="unity.splash-mode"
80-->[:unityLibrary] AndroidManifest.xml:63:13-45
81            android:value="0" />
81-->[:unityLibrary] AndroidManifest.xml:64:13-30
82        <meta-data
82-->[:unityLibrary] AndroidManifest.xml:65:9-67:36
83            android:name="unity.splash-enable"
83-->[:unityLibrary] AndroidManifest.xml:66:13-47
84            android:value="True" />
84-->[:unityLibrary] AndroidManifest.xml:67:13-33
85        <meta-data
85-->[:unityLibrary] AndroidManifest.xml:68:9-70:37
86            android:name="unity.allow-resizable-window"
86-->[:unityLibrary] AndroidManifest.xml:69:13-56
87            android:value="False" />
87-->[:unityLibrary] AndroidManifest.xml:70:13-34
88        <meta-data
88-->[:unityLibrary] AndroidManifest.xml:71:9-73:50
89            android:name="notch.config"
89-->[:unityLibrary] AndroidManifest.xml:72:13-40
90            android:value="portrait|landscape" />
90-->[:unityLibrary] AndroidManifest.xml:73:13-47
91        <meta-data
91-->[:unityLibrary] AndroidManifest.xml:74:9-76:68
92            android:name="unity.build-id"
92-->[:unityLibrary] AndroidManifest.xml:75:13-42
93            android:value="c8bb1b96-a720-456b-b5f3-e58140160284" />
93-->[:unityLibrary] AndroidManifest.xml:76:13-65
94        <meta-data
94-->[:unityLibrary] AndroidManifest.xml:77:9-79:40
95            android:name="com.google.ar.core"
95-->[:unityLibrary] AndroidManifest.xml:78:13-46
96            android:value="optional" /> <!-- The minimal version code of ARCore APK required for an app using this SDK. -->
96-->[:unityLibrary] AndroidManifest.xml:79:13-37
97        <meta-data
97-->[com.google.ar:core:1.22.0] AndroidManifest.xml:36:9-38:41
98            android:name="com.google.ar.core.min_apk_version"
98-->[com.google.ar:core:1.22.0] AndroidManifest.xml:37:13-62
99            android:value="202940000" /> <!-- This activity is critical for installing ARCore when it is not already present. -->
99-->[com.google.ar:core:1.22.0] AndroidManifest.xml:38:13-38
100        <activity
100-->[com.google.ar:core:1.22.0] AndroidManifest.xml:40:9-46:80
101            android:name="com.google.ar.core.InstallActivity"
101-->[com.google.ar:core:1.22.0] AndroidManifest.xml:41:13-62
102            android:configChanges="keyboardHidden|orientation|screenSize"
102-->[com.google.ar:core:1.22.0] AndroidManifest.xml:42:13-74
103            android:excludeFromRecents="true"
103-->[com.google.ar:core:1.22.0] AndroidManifest.xml:43:13-46
104            android:exported="false"
104-->[com.google.ar:core:1.22.0] AndroidManifest.xml:44:13-37
105            android:launchMode="singleTop"
105-->[com.google.ar:core:1.22.0] AndroidManifest.xml:45:13-43
106            android:theme="@android:style/Theme.Material.Light.Dialog.Alert" />
106-->[com.google.ar:core:1.22.0] AndroidManifest.xml:46:13-77
107
108        <provider
108-->[:VuforiaEngine:] AndroidManifest.xml:14:9-22:20
109            android:name="com.vuforia.engine.app.VuforiaContentProvider"
109-->[:VuforiaEngine:] AndroidManifest.xml:15:13-73
110            android:authorities="com.DefaultCompany.Astronomy365AR.vuforia.share"
110-->[:VuforiaEngine:] AndroidManifest.xml:16:13-65
111            android:exported="false"
111-->[:VuforiaEngine:] AndroidManifest.xml:17:13-37
112            android:grantUriPermissions="true" >
112-->[:VuforiaEngine:] AndroidManifest.xml:18:13-47
113            <meta-data
113-->[:VuforiaEngine:] AndroidManifest.xml:19:13-21:53
114                android:name="android.support.FILE_PROVIDER_PATHS"
114-->[:VuforiaEngine:] AndroidManifest.xml:20:17-67
115                android:resource="@xml/filepaths" />
115-->[:VuforiaEngine:] AndroidManifest.xml:21:17-50
116        </provider>
117    </application>
118
119</manifest>